c:\users\maihuutuan\desktop\1512635\tree_list_view\tree_list_view\debug\tree_list_view.pch
c:\users\maihuutuan\desktop\1512635\tree_list_view\tree_list_view\debug\vc140.pdb
c:\users\maihuutuan\desktop\1512635\tree_list_view\tree_list_view\debug\vc140.idb
c:\users\maihuutuan\desktop\1512635\tree_list_view\tree_list_view\debug\stdafx.obj
c:\users\maihuutuan\desktop\1512635\tree_list_view\tree_list_view\debug\listview.obj
c:\users\maihuutuan\desktop\1512635\tree_list_view\tree_list_view\debug\treeview.obj
c:\users\maihuutuan\desktop\1512635\tree_list_view\tree_list_view\debug\tree_list_view.obj
c:\users\maihuutuan\desktop\1512635\tree_list_view\debug\tree_list_view.ilk
c:\users\maihuutuan\desktop\1512635\tree_list_view\debug\tree_list_view.exe
c:\users\maihuutuan\desktop\1512635\tree_list_view\debug\tree_list_view.pdb
c:\users\maihuutuan\desktop\1512635\tree_list_view\tree_list_view\debug\tree_list_view.res
c:\users\maihuutuan\desktop\1512635\tree_list_view\tree_list_view\debug\tree_list_view.tlog\cl.command.1.tlog
c:\users\maihuutuan\desktop\1512635\tree_list_view\tree_list_view\debug\tree_list_view.tlog\cl.read.1.tlog
c:\users\maihuutuan\desktop\1512635\tree_list_view\tree_list_view\debug\tree_list_view.tlog\cl.write.1.tlog
c:\users\maihuutuan\desktop\1512635\tree_list_view\tree_list_view\debug\tree_list_view.tlog\link.command.1.tlog
c:\users\maihuutuan\desktop\1512635\tree_list_view\tree_list_view\debug\tree_list_view.tlog\link.read.1.tlog
c:\users\maihuutuan\desktop\1512635\tree_list_view\tree_list_view\debug\tree_list_view.tlog\link.write.1.tlog
c:\users\maihuutuan\desktop\1512635\tree_list_view\tree_list_view\debug\tree_list_view.tlog\rc.command.1.tlog
c:\users\maihuutuan\desktop\1512635\tree_list_view\tree_list_view\debug\tree_list_view.tlog\rc.read.1.tlog
c:\users\maihuutuan\desktop\1512635\tree_list_view\tree_list_view\debug\tree_list_view.tlog\rc.write.1.tlog
